This is pdfTeX, Version 3.141592653-2.6-1.40.26 (TeX Live 2024/Arch Linux) (preloaded format=pdflatex 2024.10.8)  28 OCT 2024 15:51
entering extended mode
 restricted \write18 enabled.
 file:line:error style messages enabled.
 %&-line parsing enabled.
**\nonstopmode\nofiles\PassOptionsToPackage{active,tightpage,auctex}{preview}\AtBeginDocument{\ifx\ifPreview\undefined\RequirePackage[displaymath,floats,graphics,textmath,sections,footnotes]{preview}[2004/11/05]\fi} \input \detokenize{ _region_.tex }
(./_region_.tex  !name(main.tex) (/usr/share/texmf-dist/tex/latex/base/article.cls
Document Class: article 2023/05/17 v1.4n Standard LaTeX document class
(/usr/share/texmf-dist/tex/latex/base/size10.clo
File: size10.clo 2023/05/17 v1.4n Standard LaTeX file (size option)
)
\c@part=\count188
\c@section=\count189
\c@subsection=\count190
\c@subsubsection=\count191
\c@paragraph=\count192
\c@subparagraph=\count193
\c@figure=\count194
\c@table=\count195
\abovecaptionskip=\skip48
\belowcaptionskip=\skip49
\bibindent=\dimen140
) (/usr/share/texmf-dist/tex/latex/graphics/graphicx.sty
Package: graphicx 2021/09/16 v1.2d Enhanced LaTeX Graphics (DPC,SPQR)
 (/usr/share/texmf-dist/tex/latex/graphics/keyval.sty
Package: keyval 2022/05/29 v1.15 key=value parser (DPC)
\KV@toks@=\toks17
) (/usr/share/texmf-dist/tex/latex/graphics/graphics.sty
Package: graphics 2022/03/10 v1.4e Standard LaTeX Graphics (DPC,SPQR)
 (/usr/share/texmf-dist/tex/latex/graphics/trig.sty
Package: trig 2021/08/11 v1.11 sin cos tan (DPC)
) (/usr/share/texmf-dist/tex/latex/graphics-cfg/graphics.cfg
File: graphics.cfg 2016/06/04 v1.11 sample graphics configuration
)
Package graphics Info: Driver file: pdftex.def on input line 107.
 (/usr/share/texmf-dist/tex/latex/graphics-def/pdftex.def
File: pdftex.def 2022/09/22 v1.2b Graphics/color driver for pdftex
))
\Gin@req@height=\dimen141
\Gin@req@width=\dimen142
) (/usr/share/texmf-dist/tex/latex/listings/listings.sty
\lst@mode=\count196
\lst@gtempboxa=\box51
\lst@token=\toks18
\lst@length=\count197
\lst@currlwidth=\dimen143
\lst@column=\count198
\lst@pos=\count199
\lst@lostspace=\dimen144
\lst@width=\dimen145
\lst@newlines=\count266
\lst@lineno=\count267
\lst@maxwidth=\dimen146
 (/usr/share/texmf-dist/tex/latex/listings/lstpatch.sty
File: lstpatch.sty 2024/02/21 1.10 (Carsten Heinz)
) (/usr/share/texmf-dist/tex/latex/listings/lstmisc.sty
File: lstmisc.sty 2024/02/21 1.10 (Carsten Heinz)
\c@lstnumber=\count268
\lst@skipnumbers=\count269
\lst@framebox=\box52
) (/usr/share/texmf-dist/tex/latex/listings/listings.cfg
File: listings.cfg 2024/02/21 1.10 listings configuration
))
Package: listings 2024/02/21 1.10 (Carsten Heinz)
 (/usr/share/texmf-dist/tex/latex/l3backend/l3backend-pdftex.def
File: l3backend-pdftex.def 2024-02-20 L3 backend support: PDF output (pdfTeX)
\l__color_backend_stack_int=\count270
\l__pdf_internal_box=\box53
)
No file _region_.aux.
LaTeX Font Info:    Checking defaults for OML/cmm/m/it on input line 10.
LaTeX Font Info:    ... okay on input line 10.
LaTeX Font Info:    Checking defaults for OMS/cmsy/m/n on input line 10.
LaTeX Font Info:    ... okay on input line 10.
LaTeX Font Info:    Checking defaults for OT1/cmr/m/n on input line 10.
LaTeX Font Info:    ... okay on input line 10.
LaTeX Font Info:    Checking defaults for T1/cmr/m/n on input line 10.
LaTeX Font Info:    ... okay on input line 10.
LaTeX Font Info:    Checking defaults for TS1/cmr/m/n on input line 10.
LaTeX Font Info:    ... okay on input line 10.
LaTeX Font Info:    Checking defaults for OMX/cmex/m/n on input line 10.
LaTeX Font Info:    ... okay on input line 10.
LaTeX Font Info:    Checking defaults for U/cmr/m/n on input line 10.
LaTeX Font Info:    ... okay on input line 10.
(/usr/share/texmf-dist/tex/context/base/mkii/supp-pdf.mkii
[Loading MPS to PDF converter (version 2006.09.02).]
\scratchcounter=\count271
\scratchdimen=\dimen147
\scratchbox=\box54
\nofMPsegments=\count272
\nofMParguments=\count273
\everyMPshowfont=\toks19
\MPscratchCnt=\count274
\MPscratchDim=\dimen148
\MPnumerator=\count275
\makeMPintoPDFobject=\count276
\everyMPtoPDFconversion=\toks20
) (/usr/share/texmf-dist/tex/latex/epstopdf-pkg/epstopdf-base.sty
Package: epstopdf-base 2020-01-24 v2.11 Base part for package epstopdf
Package epstopdf-base Info: Redefining graphics rule for `.eps' on input line 485.
 (/usr/share/texmf-dist/tex/latex/latexconfig/epstopdf-sys.cfg
File: epstopdf-sys.cfg 2010/07/13 v1.3 Configuration of (r)epstopdf for TeX Live
))
\c@lstlisting=\count277
 (/home/vilhelm/.config/emacs/.local/straight/build-31.0.50/auctex/latex/preview.sty
Package: preview 2024/06/30 14.0.6 (AUCTeX/preview-latex)
 (/usr/share/texmf-dist/tex/generic/luatex85/luatex85.sty
Package: luatex85 2016/06/15 v1.4 pdftex aliases for luatex
) (/home/vilhelm/.config/emacs/.local/straight/build-31.0.50/auctex/latex/prtightpage.def
\PreviewBorder=\dimen149
) (/home/vilhelm/.config/emacs/.local/straight/build-31.0.50/auctex/latex/prauctex.def
No auxiliary output files.


\hbadness=\count278
\hfuzz=\dimen150
(/home/vilhelm/.config/emacs/.local/straight/build-31.0.50/auctex/latex/prauctex.cfg)) (/home/vilhelm/.config/emacs/.local/straight/build-31.0.50/auctex/latex/prfootnotes.def)
\pr@snippet=\count279
\pr@box=\box55
\pr@output=\toks21

Preview: Fontsize 10pt
Preview: PDFoutput 1
)  !name(main.tex) !offset(-3) 
LaTeX Font Info:    External font `cmex10' loaded for size
(Font)              <12> on input line 15.
LaTeX Font Info:    External font `cmex10' loaded for size
(Font)              <8> on input line 15.
LaTeX Font Info:    External font `cmex10' loaded for size
(Font)              <6> on input line 15.

./_region_.tex:16: Preview: Snippet 1 started.
<-><->
      
l.16 \section
             {Introduction}
Not a real error.

Preview: Tightpage -32891 -32891 32891 32891
./_region_.tex:16: Preview: Snippet 1 ended.(655359+0x22609920).
<-><->
      
l.16 \section{Introduction}
                           
Not a real error.

[1{/var/lib/texmf/fonts/map/pdftex/updmap/pdftex.map}

]
./_region_.tex:18: Preview: Snippet 2 started.
<-><->
      
l.18 \section
             {Struktur}
Not a real error.

./_region_.tex:18: Preview: Snippet 2 ended.(655359+0x22609920).
<-><->
      
l.18 \section{Struktur}
                       
Not a real error.

[2

]
./_region_.tex:27: Preview: Snippet 3 started.
<-><->
      
l.27 \includegraphics
                     [scale=0.1]{board_indexed}
Not a real error.

<images/board_indexed.png, id=10, 1606.0pt x 1606.0pt>
File: images/board_indexed.png Graphic file (type png)
<use images/board_indexed.png>
Package pdftex.def Info: images/board_indexed.png  used on input line 27.
(pdftex.def)             Requested size: 160.6094pt x 160.6094pt.
./_region_.tex:27: Preview: Snippet 3 ended.(10525698+0x10525698).
<-><->
      
l.27 \includegraphics[scale=0.1]{board_indexed}
                                               
Not a real error.

[3 <./images/board_indexed.png>]
./_region_.tex:29: Preview: Snippet 4 started.
<-><->
      
l.29 \begin{math}
                 
Not a real error.

LaTeX Font Info:    External font `cmex10' loaded for size
(Font)              <7> on input line 29.
LaTeX Font Info:    External font `cmex10' loaded for size
(Font)              <5> on input line 29.
./_region_.tex:31: Preview: Snippet 4 ended.(455111+25623x9737620).
<-><->
      
l.31 \end{math}
               
Not a real error.

[4]
./_region_.tex:33: Preview: Snippet 5 started.
<-><->
      
l.33 \section
             {Evaluering}
Not a real error.

./_region_.tex:33: Preview: Snippet 5 ended.(655359+183500x22609920).
<-><->
      
l.33 \section{Evaluering}
                         
Not a real error.

[5

]
./_region_.tex:34: Preview: Snippet 6 started.
<-><->
      
l.34 \section
             {Drag generering}
Not a real error.

./_region_.tex:34: Preview: Snippet 6 ended.(655359+183500x22609920).
<-><->
      
l.34 \section{Drag generering}
                              
Not a real error.

[6

]
./_region_.tex:37: Preview: Snippet 7 started.
<-><->
      
l.37 \section
             {Sökning}
Not a real error.

./_region_.tex:37: Preview: Snippet 7 ended.(655359+183500x22609920).
<-><->
      
l.37 \section{Sökning}
                       
Not a real error.

[7

]
./_region_.tex:40: Preview: Snippet 8 started.
<-><->
      
l.40 \begin{math}
                 
Not a real error.

./_region_.tex:42: Preview: Snippet 8 ended.(491520+163840x7241548).
<-><->
      
l.42 \end{math}
               
Not a real error.

[8]
./_region_.tex:44: Preview: Snippet 9 started.
<-><->
      
l.44 \subsection
                {Negamax}
Not a real error.

./_region_.tex:44: Preview: Snippet 9 ended.(539580+152916x22609920).
<-><->
      
l.44 \subsection{Negamax}
                         
Not a real error.

[9

]
./_region_.tex:65: Preview: Snippet 10 started.
<-><->
      
l.65 \subsection
                {Alpha-beta pruning}
Not a real error.

./_region_.tex:65: Preview: Snippet 10 ended.(546132+152916x22609920).
<-><->
      
l.65 \subsection{Alpha-beta pruning}
                                    
Not a real error.

[10

]
./_region_.tex:68: Preview: Snippet 11 started.
<-><->
      
l.68 \subsection
                {Horisonteffekten}
Not a real error.

./_region_.tex:68: Preview: Snippet 11 ended.(546132+0x22609920).
<-><->
      
l.68 \subsection{Horisonteffekten}
                                  
Not a real error.

[11

]
./_region_.tex:72: Preview: Snippet 12 started.
<-><->
      
l.72 \subsection
                {Sortering av drag}
Not a real error.

./_region_.tex:72: Preview: Snippet 12 ended.(546132+152916x22609920).
<-><->
      
l.72 \subsection{Sortering av drag}
                                   
Not a real error.

[12

]
./_region_.tex:76: Preview: Snippet 13 started.
<-><->
      
l.76 \begin{thebibliography}{9}
                               
Not a real error.

./_region_.tex:76: Preview: Snippet 13 ended.(655359+0x22609920).
<-><->
      
l.76 \begin{thebibliography}{9}
                               
Not a real error.

[13]

LaTeX Warning: Empty `thebibliography' environment on input line 78.

 ***********
LaTeX2e <2023-11-01> patch level 1
L3 programming layer <2024-02-20>
 ***********
 ) 
Here is how much of TeX's memory you used:
 2902 strings out of 476076
 44982 string characters out of 5793775
 1934187 words of memory out of 5000000
 25019 multiletter control sequences out of 15000+600000
 562184 words of font info for 50 fonts, out of 8000000 for 9000
 14 hyphenation exceptions out of 8191
 58i,6n,65p,1516b,283s stack positions out of 10000i,1000n,20000p,200000b,200000s
</usr/share/texmf-dist/fonts/type1/public/amsfonts/cm/cmbx12.pfb></usr/share/texmf-dist/fonts/type1/public/amsfonts/cm/cmmi10.pfb></usr/share/texmf-dist/fonts/type1/public/amsfonts/cm/cmr10.pfb></usr/share/texmf-dist/fonts/type1/public/amsfonts/cm/cmsy10.pfb>
Output written on _region_.pdf (13 pages, 236222 bytes).
PDF statistics:
 70 PDF objects out of 1000 (max. 8388607)
 44 compressed objects within 1 object stream
 0 named destinations out of 1000 (max. 500000)
 6 words of extra memory for PDF output out of 10000 (max. 10000000)

